<?xml version="1.0" encoding="UTF-8"?>
<!-- Generated by org.testng.reporters.JUnitReportReporter -->
<testsuite hostname="DESKTOP-2L70A79" failures="0" tests="3" name="testng.DependsOnMethodsTest" time="0.009" errors="0" timestamp="2024-11-06T11:31:34 IST" skipped="0">
  <testcase classname="testng.DependsOnMethodsTest" name="loginTest" time="0.001"/>
  <system-out>
    <![CDATA[Login to App]]>
  </system-out>
  <testcase classname="testng.DependsOnMethodsTest" name="updateProfileTest" time="0.000"/>
  <system-out>
    <![CDATA[Update Profile]]>
  </system-out>
  <testcase classname="testng.DependsOnMethodsTest" name="registrationTest" time="0.008"/>
  <system-out>
    <![CDATA[Register to App]]>
  </system-out>
</testsuite> <!-- testng.DependsOnMethodsTest -->
