<?xml version="1.0" encoding="UTF-8"?>
<!-- Generated by org.testng.reporters.JUnitReportReporter -->
<testsuite hostname="DESKTOP-2L70A79" failures="0" tests="1" name="groupExecution.Test1" time="0.008" errors="0" timestamp="2024-11-06T12:05:16 IST" skipped="0">
  <testcase classname="groupExecution.Test1" name="demo1" time="0.008"/>
  <system-out>
    <![CDATA[Test1 - demo1 - smoke]]>
  </system-out>
</testsuite> <!-- groupExecution.Test1 -->
