<?xml version="1.0" encoding="UTF-8"?>
<!-- Generated by org.testng.reporters.JUnitReportReporter -->
<testsuite hostname="DESKTOP-2L70A79" failures="0" tests="4" name="testng.DataProviderTest" time="21.378" errors="0" timestamp="2024-11-08T12:39:05 IST" skipped="0">
  <testcase classname="testng.DataProviderTest" name="loginTest" time="8.871"/>
  <system-out/>
  <testcase classname="testng.DataProviderTest" name="loginTest" time="3.780"/>
  <system-out/>
  <testcase classname="testng.DataProviderTest" name="loginTest" time="3.764"/>
  <system-out/>
  <testcase classname="testng.DataProviderTest" name="loginTest" time="4.963"/>
  <system-out/>
</testsuite> <!-- testng.DataProviderTest -->
