<?xml version="1.0" encoding="UTF-8"?>
<!-- Generated by org.testng.reporters.JUnitReportReporter -->
<testsuite hostname="DESKTOP-2L70A79" failures="0" tests="1" name="annotations.LoginTest" time="1.734" errors="0" timestamp="2024-11-05T13:32:37 IST" skipped="0">
  <testcase classname="annotations.LoginTest" name="loginTest" time="1.734"/>
  <system-out/>
</testsuite> <!-- annotations.LoginTest -->
