<?xml version="1.0" encoding="UTF-8"?>
<!-- Generated by org.testng.reporters.JUnitReportReporter -->
<testsuite hostname="DESKTOP-2L70A79" failures="0" tests="4" name="testng.InvocationCountTest" time="0.001" errors="0" timestamp="2024-11-06T11:31:34 IST" skipped="0">
  <testcase classname="testng.InvocationCountTest" name="demo1" time="0.000"/>
  <system-out>
    <![CDATA[demo1]]>
  </system-out>
  <testcase classname="testng.InvocationCountTest" name="demo1" time="0.001"/>
  <system-out>
    <![CDATA[demo1]]>
  </system-out>
  <testcase classname="testng.InvocationCountTest" name="demo1" time="0.000"/>
  <system-out>
    <![CDATA[demo1]]>
  </system-out>
  <testcase classname="testng.InvocationCountTest" name="demo1" time="0.000"/>
  <system-out>
    <![CDATA[demo1]]>
  </system-out>
</testsuite> <!-- testng.InvocationCountTest -->
