<?xml version="1.0" encoding="UTF-8"?>
<!-- Generated by org.testng.reporters.JUnitReportReporter -->
<testsuite hostname="DESKTOP-2L70A79" failures="0" tests="3" name="crossBrowserParallel.Test2" time="10.732" errors="0" timestamp="2024-11-06T13:17:57 IST" skipped="0">
  <testcase classname="crossBrowserParallel.Test2" name="swiggyTest" time="4.496"/>
  <system-out/>
  <testcase classname="crossBrowserParallel.Test2" name="swiggyTest" time="2.597"/>
  <system-out/>
  <testcase classname="crossBrowserParallel.Test2" name="swiggyTest" time="3.639"/>
  <system-out/>
</testsuite> <!-- crossBrowserParallel.Test2 -->
