<?xml version="1.0" encoding="UTF-8"?>
<!-- Generated by org.testng.reporters.JUnitReportReporter -->
<testsuite hostname="DESKTOP-2L70A79" failures="0" tests="3" name="crossBrowserParallel.Test1" time="4.082" errors="0" timestamp="2024-11-06T13:17:57 IST" skipped="0">
  <testcase classname="crossBrowserParallel.Test1" name="googleTest" time="1.208"/>
  <system-out/>
  <testcase classname="crossBrowserParallel.Test1" name="googleTest" time="1.217"/>
  <system-out/>
  <testcase classname="crossBrowserParallel.Test1" name="googleTest" time="1.657"/>
  <system-out/>
</testsuite> <!-- crossBrowserParallel.Test1 -->
