<?xml version="1.0" encoding="UTF-8"?>
<!-- Generated by org.testng.reporters.JUnitReportReporter -->
<testsuite hostname="DESKTOP-2L70A79" failures="0" tests="1" name="annotations.TestClass" time="0.008" errors="0" timestamp="2024-11-05T13:10:51 IST" skipped="0">
  <testcase classname="annotations.TestClass" name="testMethod" time="0.008"/>
  <system-out>
    <![CDATA[@Test]]>
  </system-out>
</testsuite> <!-- annotations.TestClass -->
