<?xml version="1.0" encoding="UTF-8"?>
<!-- Generated by org.testng.reporters.JUnitReportReporter -->
<testsuite hostname="DESKTOP-2L70A79" failures="0" tests="1" name="distributedParallel.Test2" time="0.009" errors="0" timestamp="2024-11-08T13:09:36 IST" skipped="0">
  <testcase classname="distributedParallel.Test2" name="demo2" time="0.009"/>
  <system-out/>
</testsuite> <!-- distributedParallel.Test2 -->
