<?xml version="1.0" encoding="UTF-8"?>
<!-- Generated by org.testng.reporters.JUnitReportReporter -->
<testsuite hostname="DESKTOP-2L70A79" failures="0" tests="2" name="distributedParallel.Test4" time="0.017" errors="0" timestamp="2024-11-08T13:08:14 IST" skipped="0">
  <testcase classname="distributedParallel.Test4" name="demo1" time="0.015"/>
  <system-out/>
  <testcase classname="distributedParallel.Test4" name="demo2" time="0.002"/>
  <system-out/>
</testsuite> <!-- distributedParallel.Test4 -->
